#
# A fatal error has been detected by the Java Runtime Environment:
#
#  SIGSEGV (0xb) at pc=0x00007ff816bcede0, pid=31290, tid=0x0000000000007803
#
# JRE version: Java(TM) SE Runtime Environment (8.0_202-b08) (build 1.8.0_202-b08)
# Java VM: Java HotSpot(TM) 64-Bit Server VM (25.202-b08 mixed mode bsd-amd64 compressed oops)
# Problematic frame:
# C  [libsystem_platform.dylib+0x3de0]  _sigtramp+0x0
#
# Failed to write core dump. Core dumps have been disabled. To enable core dumping, try "ulimit -c unlimited" before starting Java again
#
# If you would like to submit a bug report, please visit:
#   http://bugreport.java.com/bugreport/crash.jsp
#

---------------  T H R E A D  ---------------

Current thread (0x00007fa3ddbf7000):  JavaThread "SparkUI-32-acceptor-0@62d1e433-ServerConnector@6c160619{HTTP/1.1, (http/1.1)}{0.0.0.0:4040}" daemon [_thread_in_Java, id=30723, stack(0x00000003082a9000,0x00000003083a9000)]

siginfo: si_signo: 11 (SIGSEGV), si_code: 1 (SEGV_MAPERR), si_addr: 0x0000000000000008

Registers:
RAX=0x0000000000000000, RBX=0x00000003083a79a0, RCX=0x00000001208e9020, RDX=0x0000000000000017
RSP=0x00000003083a6998, RBP=0x0000000780000fc0, RSI=0x0000000000000001, RDI=0x000000010a0e6ea9
R8 =0x00000001208e9088, R9 =0x4a57608d6d5e49da, R10=0x000000010abe5160, R11=0x000000010c38c060
R12=0x0000000000000000, R13=0x000000010c8ee458, R14=0x00000003083a7998, R15=0x00007fa3ddbf7000
RIP=0x00007ff816bcede0, EFLAGS=0x0000000000000203, ERR=0x0000000000000004
  TRAPNO=0x000000000000000e

Top of Stack: (sp=0x00000003083a6998)
0x00000003083a6998:   00000005083a7d50 00000003083a7db8
0x00000003083a69a8:   00007ff896bd2ab8 0000000500000000
0x00000003083a69b8:   0000000000000001 000000010920c060
0x00000003083a69c8:   00007ff8a173ebd8 00000003083a6a48
0x00000003083a69d8:   0000000000000002 00000003083a6ae0
0x00000003083a69e8:   0000000200d53cf6 00000003083a7d70
0x00000003083a69f8:   0000000200d53cb6 00000003083a6a78
0x00000003083a6a08:   00007ff8a17500a8 0000000000000004
0x00000003083a6a18:   00007ff896b19938 000000001d41dd10
0x00000003083a6a28:   00007ff896b1993d 0000000000000005
0x00000003083a6a38:   00007ff896b19c60 00000003083a6cf0
0x00000003083a6a48:   0000000200d40fed 0000000200dac8d0
0x00000003083a6a58:   00000003083a6ab0 0000000000000080
0x00000003083a6a68:   0000000000000002 0000000000000000
0x00000003083a6a78:   0000000000000000 00007ff896b19938
0x00000003083a6a88:   0000000000000328 00000003083a7c31
0x00000003083a6a98:   000000051d2b4ac8 00000003083a7db8
0x00000003083a6aa8:   00007ff896b1995d 0000000500000000
0x00000003083a6ab8:   0000000000000000 000000010920c060
0x00000003083a6ac8:   00007ff8a17480d8 00000003083a6b48
0x00000003083a6ad8:   0000000000000001 00000003083a6be0
0x00000003083a6ae8:   0000000200d53cf6 00000003083a7d70
0x00000003083a6af8:   0000000200d53cb6 00000003083a6b88
0x00000003083a6b08:   00000003083a7db8 00000003083a6bb0
0x00000003083a6b18:   00007ff89694dee0 000000010920c060
0x00000003083a6b28:   00007ff8a173e0b8 00000003083a7c30
0x00000003083a6b38:   00007ff89694df18 00000003083a6df0
0x00000003083a6b48:   0000000200d40e12 0000000000000000
0x00000003083a6b58:   00000003083a6bb0 0000000000000080
0x00000003083a6b68:   0000000000000001 0000000000000000
0x00000003083a6b78:   0000000000000000 00007ff89694dee0
0x00000003083a6b88:   0000000000000038 00000003083a7c30 

Instructions: (pc=0x00007ff816bcede0)
0x00007ff816bcedc0:   f0 0f b1 0f 0f 85 37 05 00 00 c3 c7 07 00 00 00
0x00007ff816bcedd0:   00 c3 90 90 90 90 90 90 90 90 90 90 90 90 90 90
0x00007ff816bcede0:   55 48 89 e5 48 89 f8 ff 05 a3 c9 73 41 4c 89 c3
0x00007ff816bcedf0:   4d 89 cc 89 d7 48 89 ce 4c 89 c2 ff d0 ff 0d 8d 

Register to memory mapping:

RAX=0x0000000000000000 is an unknown value
RBX=0x00000003083a79a0 is pointing into the stack for thread: 0x00007fa3ddbf7000
RCX=0x00000001208e9020 is an unknown value
RDX=0x0000000000000017 is an unknown value
RSP=0x00000003083a6998 is pointing into the stack for thread: 0x00007fa3ddbf7000
RBP=0x0000000780000fc0 is an oop
java.lang.String 
 - klass: 'java/lang/String'
RSI=0x0000000000000001 is an unknown value
RDI=0x000000010a0e6ea9: nullHandler+0 in /Library/Java/JavaVirtualMachines/jdk1.8.0_202.jdk/Contents/Home/jre/lib/libnio.dylib at 0x000000010a0e4000
R8 =0x00000001208e9088 is an unknown value
R9 =0x4a57608d6d5e49da is an unknown value
R10=0x000000010abe5160: _ZN19TemplateInterpreter13_active_tableE+0x4000 in /Library/Java/JavaVirtualMachines/jdk1.8.0_202.jdk/Contents/Home/jre/lib/server/libjvm.dylib at 0x000000010a2d9000
R11=0x000000010c38c060 is at entry_point+32 in (nmethod*)0x000000010c38bed0
R12=0x0000000000000000 is an unknown value
R13=0x000000010c8ee458 is at entry_point+1688 in (nmethod*)0x000000010c8edb90
R14=0x00000003083a7998 is pointing into the stack for thread: 0x00007fa3ddbf7000
R15=0x00007fa3ddbf7000 is a thread


Stack: [0x00000003082a9000,0x00000003083a9000],  sp=0x00000003083a6998,  free space=1014k
Native frames: (J=compiled Java code, j=interpreted, Vv=VM code, C=native code)
C  [libsystem_platform.dylib+0x3de0]  _sigtramp+0x0


---------------  P R O C E S S  ---------------

Java Threads: ( => current thread )
  0x00007fa40d643800 JavaThread "shutdown-hook-0" daemon [_thread_blocked, id=48295, stack(0x0000000309916000,0x0000000309a16000)]
  0x00007fa3dd426800 JavaThread "Thread-1" [_thread_blocked, id=48511, stack(0x0000000309710000,0x0000000309810000)]
  0x00007fa3fbee2800 JavaThread "DestroyJavaVM" [_thread_blocked, id=6915, stack(0x0000000305b29000,0x0000000305c29000)]
  0x00007fa3fbecb000 JavaThread "scala-execution-context-global-225" daemon [_thread_blocked, id=47911, stack(0x0000000309a19000,0x0000000309b19000)]
  0x00007fa3dc23f800 JavaThread "spark-listener-group-shared" daemon [_thread_blocked, id=81511, stack(0x000000030960d000,0x000000030970d000)]
  0x00007fa3dd571800 JavaThread "element-tracking-store-worker" daemon [_thread_blocked, id=48775, stack(0x000000030950a000,0x000000030960a000)]
  0x00007fa3dd570800 JavaThread "spark-listener-group-executorManagement" daemon [_thread_blocked, id=80363, stack(0x0000000309407000,0x0000000309507000)]
  0x00007fa3dd56f800 JavaThread "spark-listener-group-appStatus" daemon [_thread_blocked, id=49555, stack(0x0000000309304000,0x0000000309404000)]
  0x00007fa3dc1cc000 JavaThread "context-cleaner-periodic-gc" daemon [_thread_blocked, id=46615, stack(0x0000000309201000,0x0000000309301000)]
  0x00007fa3dd574800 JavaThread "Spark Context Cleaner" daemon [_thread_blocked, id=81763, stack(0x00000003090fe000,0x00000003091fe000)]
  0x00007fa3dcbc2000 JavaThread "shuffle-boss-7-1" daemon [_thread_in_native, id=16195, stack(0x0000000308ffb000,0x00000003090fb000)]
  0x00007fa3dce21000 JavaThread "process reaper" daemon [_thread_blocked, id=83815, stack(0x0000000308fd0000,0x0000000308ff8000)]
  0x00007fa3ddc51000 JavaThread "rpc-server-4-1" daemon [_thread_in_native, id=83991, stack(0x0000000308ecd000,0x0000000308fcd000)]
  0x00007fa3dce84000 JavaThread "files-client-5-1" daemon [_thread_in_native, id=45699, stack(0x0000000308dca000,0x0000000308eca000)]
  0x00007fa3ddc31800 JavaThread "driver-heartbeater" daemon [_thread_blocked, id=85551, stack(0x0000000308bc4000,0x0000000308cc4000)]
  0x00007fa3ddc3d000 JavaThread "dag-scheduler-event-loop" daemon [_thread_blocked, id=86179, stack(0x0000000308ac1000,0x0000000308bc1000)]
  0x00007fa40d1f0800 JavaThread "task-abort-timer" daemon [_thread_blocked, id=86275, stack(0x00000003089be000,0x0000000308abe000)]
  0x00007fa3ddc1e000 JavaThread "task-starvation-timer" daemon [_thread_blocked, id=86531, stack(0x00000003088bb000,0x00000003089bb000)]
  0x00007fa3ddc21800 JavaThread "netty-rpc-env-timeout" daemon [_thread_blocked, id=44291, stack(0x00000003087b8000,0x00000003088b8000)]
  0x00007fa3ddc21000 JavaThread "heartbeat-receiver-event-loop-thread" daemon [_thread_blocked, id=32555, stack(0x00000003086b5000,0x00000003087b5000)]
  0x00007fa3ddbfa000 JavaThread "SparkUI-35" daemon [_thread_blocked, id=33027, stack(0x00000003085b2000,0x00000003086b2000)]
  0x00007fa3dd941800 JavaThread "SparkUI-34" daemon [_thread_blocked, id=31235, stack(0x00000003084af000,0x00000003085af000)]
  0x00007fa3dd940800 JavaThread "SparkUI-33" daemon [_thread_blocked, id=33283, stack(0x00000003083ac000,0x00000003084ac000)]
=>0x00007fa3ddbf7000 JavaThread "SparkUI-32-acceptor-0@62d1e433-ServerConnector@6c160619{HTTP/1.1, (http/1.1)}{0.0.0.0:4040}" daemon [_thread_in_Java, id=30723, stack(0x00000003082a9000,0x00000003083a9000)]
  0x00007fa3dcadd000 JavaThread "SparkUI-31" daemon [_thread_in_native, id=34051, stack(0x00000003081a6000,0x00000003082a6000)]
  0x00007fa3fbce1800 JavaThread "SparkUI-30" daemon [_thread_in_native, id=34563, stack(0x00000003080a3000,0x00000003081a3000)]
  0x00007fa3dce2b000 JavaThread "SparkUI-29" daemon [_thread_in_native, id=35331, stack(0x0000000307fa0000,0x00000003080a0000)]
  0x00007fa3ddbcb000 JavaThread "SparkUI-28" daemon [_thread_in_native, id=30331, stack(0x0000000307e9d000,0x0000000307f9d000)]
  0x00007fa3ddbc3000 JavaThread "RemoteBlock-temp-file-clean-thread" daemon [_thread_blocked, id=35843, stack(0x0000000307d9a000,0x0000000307e9a000)]
  0x00007fa3ddbcc800 JavaThread "dispatcher-BlockManagerEndpoint1" daemon [_thread_blocked, id=29659, stack(0x0000000307c97000,0x0000000307d97000)]
  0x00007fa3dce16000 JavaThread "dispatcher-BlockManagerMaster" daemon [_thread_blocked, id=29231, stack(0x0000000307b94000,0x0000000307c94000)]
  0x00007fa3fbe86800 JavaThread "map-output-dispatcher-7" daemon [_thread_blocked, id=36611, stack(0x0000000307a91000,0x0000000307b91000)]
  0x00007fa3fbe85800 JavaThread "map-output-dispatcher-6" daemon [_thread_blocked, id=28675, stack(0x000000030798e000,0x0000000307a8e000)]
  0x00007fa3fbe85000 JavaThread "map-output-dispatcher-5" daemon [_thread_blocked, id=28163, stack(0x000000030788b000,0x000000030798b000)]
  0x00007fa3fbe7f800 JavaThread "map-output-dispatcher-4" daemon [_thread_blocked, id=27907, stack(0x0000000307788000,0x0000000307888000)]
  0x00007fa40c39b800 JavaThread "map-output-dispatcher-3" daemon [_thread_blocked, id=37383, stack(0x0000000307685000,0x0000000307785000)]
  0x00007fa3fbe7f000 JavaThread "map-output-dispatcher-2" daemon [_thread_blocked, id=37891, stack(0x0000000307582000,0x0000000307682000)]
  0x00007fa3fbe6a000 JavaThread "map-output-dispatcher-1" daemon [_thread_blocked, id=38403, stack(0x000000030747f000,0x000000030757f000)]
  0x00007fa3fbe69800 JavaThread "map-output-dispatcher-0" daemon [_thread_blocked, id=38739, stack(0x000000030737c000,0x000000030747c000)]
  0x00007fa3ddb91800 JavaThread "dispatcher-event-loop-1" daemon [_thread_blocked, id=39171, stack(0x0000000307279000,0x0000000307379000)]
  0x00007fa40c37f800 JavaThread "dispatcher-event-loop-0" daemon [_thread_blocked, id=39699, stack(0x0000000307176000,0x0000000307276000)]
  0x00007fa3ddbad800 JavaThread "rpc-boss-3-1" daemon [_thread_in_native, id=25647, stack(0x0000000307073000,0x0000000307173000)]
  0x00007fa3fbd30000 JavaThread "org.apache.hadoop.fs.FileSystem$Statistics$StatisticsDataReferenceCleaner" daemon [_thread_blocked, id=25327, stack(0x0000000306f70000,0x0000000307070000)]
  0x00007fa40b888800 JavaThread "Service Thread" daemon [_thread_blocked, id=41987, stack(0x0000000306d6a000,0x0000000306e6a000)]
  0x00007fa40d05e000 JavaThread "C1 CompilerThread3" daemon [_thread_blocked, id=23043, stack(0x0000000306c67000,0x0000000306d67000)]
  0x00007fa40b86c800 JavaThread "C2 CompilerThread2" daemon [_thread_blocked, id=43267, stack(0x0000000306b64000,0x0000000306c64000)]
  0x00007fa40b86c000 JavaThread "C2 CompilerThread1" daemon [_thread_blocked, id=22019, stack(0x0000000306a61000,0x0000000306b61000)]
  0x00007fa40c00d800 JavaThread "C2 CompilerThread0" daemon [_thread_blocked, id=17155, stack(0x000000030695e000,0x0000000306a5e000)]
  0x00007fa40c008800 JavaThread "Signal Dispatcher" daemon [_thread_blocked, id=17667, stack(0x000000030685b000,0x000000030695b000)]
  0x00007fa40c009800 JavaThread "Finalizer" daemon [_thread_blocked, id=19495, stack(0x000000030664a000,0x000000030674a000)]
  0x00007fa40b83a800 JavaThread "Reference Handler" daemon [_thread_blocked, id=14883, stack(0x0000000306547000,0x0000000306647000)]

Other Threads:
  0x00007fa40d04d800 VMThread [stack: 0x0000000306444000,0x0000000306544000] [id=20227]
  0x00007fa3fb84a800 WatcherThread [stack: 0x0000000306e6d000,0x0000000306f6d000] [id=41747]

VM state:not at safepoint (normal execution)

VM Mutex/Monitor currently owned by a thread: None

heap address: 0x0000000780000000, size: 1024 MB, Compressed Oops mode: Zero based, Oop shift amount: 3
Narrow klass base: 0x0000000000000000, Narrow klass shift: 3
Compressed class space size: 1073741824 Address: 0x00000007c0000000

Heap:
 PSYoungGen      total 336384K, used 35976K [0x00000007aab00000, 0x00000007c0000000, 0x00000007c0000000)
  eden space 324096K, 11% used [0x00000007aab00000,0x00000007ace222d8,0x00000007be780000)
  from space 12288K, 0% used [0x00000007be780000,0x00000007be780000,0x00000007bf380000)
  to   space 12800K, 0% used [0x00000007bf380000,0x00000007bf380000,0x00000007c0000000)
 ParOldGen       total 141312K, used 24767K [0x0000000780000000, 0x0000000788a00000, 0x00000007aab00000)
  object space 141312K, 17% used [0x0000000780000000,0x000000078182fc68,0x0000000788a00000)
 Metaspace       used 55838K, capacity 60104K, committed 60416K, reserved 1101824K
  class space    used 7717K, capacity 8131K, committed 8192K, reserved 1048576K

Card table byte_map: [0x0000000109837000,0x0000000109a38000] byte_map_base: 0x0000000105c37000

Marking Bits: (ParMarkBitMap*) 0x000000010abd4e40
 Begin Bits: [0x000000011b190000, 0x000000011c190000)
 End Bits:   [0x000000011c190000, 0x000000011d190000)

Polling page: 0x0000000109360000

CodeCache: size=245760Kb used=12651Kb max_used=12720Kb free=233108Kb
 bounds [0x000000010c190000, 0x000000010ce20000, 0x000000011b190000]
 total_blobs=4757 nmethods=4075 adapters=595
 compilation: enabled

Compilation events (10 events):
Event: 22.058 Thread 0x00007fa40d05e000 4629       1       org.sparkproject.jetty.server.handler.HandlerWrapper::getHandler (5 bytes)
Event: 22.058 Thread 0x00007fa40d05e000 nmethod 4629 0x000000010c48f990 code [0x000000010c48fae0, 0x000000010c48fbf0]
Event: 22.058 Thread 0x00007fa40b86c800 nmethod 4631 0x000000010c475d90 code [0x000000010c475ee0, 0x000000010c475f78]
Event: 22.062 Thread 0x00007fa40c00d800 nmethod 4626 0x000000010ce0d650 code [0x000000010ce0da00, 0x000000010ce0fb58]
Event: 22.064 Thread 0x00007fa40d05e000 4630       3       java.lang.ThreadLocal$ThreadLocalMap::access$100 (7 bytes)
Event: 22.064 Thread 0x00007fa40d05e000 nmethod 4630 0x000000010c603810 code [0x000000010c603980, 0x000000010c603ae8]
Event: 22.075 Thread 0x00007fa40b86c000 4632       4       jdk.internal.org.objectweb.asm.MethodWriter::visitLabel (281 bytes)
Event: 22.075 Thread 0x00007fa40d05e000 4633       3       java.lang.invoke.BoundMethodHandle::makeReinvoker (27 bytes)
Event: 22.076 Thread 0x00007fa40d05e000 nmethod 4633 0x000000010c536090 code [0x000000010c536240, 0x000000010c536648]
Event: 22.077 Thread 0x00007fa40b86c000 nmethod 4632 0x000000010c5db890 code [0x000000010c5dba00, 0x000000010c5dbd38]

GC Heap History (10 events):
Event: 3.759 GC heap before
{Heap before GC invocations=6 (full 1):
 PSYoungGen      total 253952K, used 30892K [0x00000007aab00000, 0x00000007bc000000, 0x00000007c0000000)
  eden space 243200K, 8% used [0x00000007aab00000,0x00000007abeb1a38,0x00000007b9880000)
  from space 10752K, 99% used [0x00000007bb580000,0x00000007bbff9798,0x00000007bc000000)
  to   space 10752K, 0% used [0x00000007bab00000,0x00000007bab00000,0x00000007bb580000)
 ParOldGen       total 79360K, used 6251K [0x0000000780000000, 0x0000000784d80000, 0x00000007aab00000)
  object space 79360K, 7% used [0x0000000780000000,0x000000078061acf0,0x0000000784d80000)
 Metaspace       used 33523K, capacity 35380K, committed 35496K, reserved 1079296K
  class space    used 4509K, capacity 4749K, committed 4864K, reserved 1048576K
Event: 3.765 GC heap after
Heap after GC invocations=6 (full 1):
 PSYoungGen      total 272896K, used 6142K [0x00000007aab00000, 0x00000007c0000000, 0x00000007c0000000)
  eden space 262144K, 0% used [0x00000007aab00000,0x00000007aab00000,0x00000007bab00000)
  from space 10752K, 57% used [0x00000007bab00000,0x00000007bb0ff910,0x00000007bb580000)
  to   space 12800K, 0% used [0x00000007bf380000,0x00000007bf380000,0x00000007c0000000)
 ParOldGen       total 79360K, used 6251K [0x0000000780000000, 0x0000000784d80000, 0x00000007aab00000)
  object space 79360K, 7% used [0x0000000780000000,0x000000078061acf0,0x0000000784d80000)
 Metaspace       used 33523K, capacity 35380K, committed 35496K, reserved 1079296K
  class space    used 4509K, capacity 4749K, committed 4864K, reserved 1048576K
}
Event: 3.765 GC heap before
{Heap before GC invocations=7 (full 2):
 PSYoungGen      total 272896K, used 6142K [0x00000007aab00000, 0x00000007c0000000, 0x00000007c0000000)
  eden space 262144K, 0% used [0x00000007aab00000,0x00000007aab00000,0x00000007bab00000)
  from space 10752K, 57% used [0x00000007bab00000,0x00000007bb0ff910,0x00000007bb580000)
  to   space 12800K, 0% used [0x00000007bf380000,0x00000007bf380000,0x00000007c0000000)
 ParOldGen       total 79360K, used 6251K [0x0000000780000000, 0x0000000784d80000, 0x00000007aab00000)
  object space 79360K, 7% used [0x0000000780000000,0x000000078061acf0,0x0000000784d80000)
 Metaspace       used 33523K, capacity 35380K, committed 35496K, reserved 1079296K
  class space    used 4509K, capacity 4749K, committed 4864K, reserved 1048576K
Event: 3.798 GC heap after
Heap after GC invocations=7 (full 2):
 PSYoungGen      total 272896K, used 0K [0x00000007aab00000, 0x00000007c0000000, 0x00000007c0000000)
  eden space 262144K, 0% used [0x00000007aab00000,0x00000007aab00000,0x00000007bab00000)
  from space 10752K, 0% used [0x00000007bab00000,0x00000007bab00000,0x00000007bb580000)
  to   space 12800K, 0% used [0x00000007bf380000,0x00000007bf380000,0x00000007c0000000)
 ParOldGen       total 103936K, used 10629K [0x0000000780000000, 0x0000000786580000, 0x00000007aab00000)
  object space 103936K, 10% used [0x0000000780000000,0x0000000780a61598,0x0000000786580000)
 Metaspace       used 33523K, capacity 35380K, committed 35496K, reserved 1079296K
  class space    used 4509K, capacity 4749K, committed 4864K, reserved 1048576K
}
Event: 5.700 GC heap before
{Heap before GC invocations=8 (full 2):
 PSYoungGen      total 272896K, used 262144K [0x00000007aab00000, 0x00000007c0000000, 0x00000007c0000000)
  eden space 262144K, 100% used [0x00000007aab00000,0x00000007bab00000,0x00000007bab00000)
  from space 10752K, 0% used [0x00000007bab00000,0x00000007bab00000,0x00000007bb580000)
  to   space 12800K, 0% used [0x00000007bf380000,0x00000007bf380000,0x00000007c0000000)
 ParOldGen       total 103936K, used 10629K [0x0000000780000000, 0x0000000786580000, 0x00000007aab00000)
  object space 103936K, 10% used [0x0000000780000000,0x0000000780a61598,0x0000000786580000)
 Metaspace       used 41577K, capacity 44042K, committed 44160K, reserved 1087488K
  class space    used 5671K, capacity 5963K, committed 6016K, reserved 1048576K
Event: 5.707 GC heap after
Heap after GC invocations=8 (full 2):
 PSYoungGen      total 336896K, used 7680K [0x00000007aab00000, 0x00000007c0000000, 0x00000007c0000000)
  eden space 324096K, 0% used [0x00000007aab00000,0x00000007aab00000,0x00000007be780000)
  from space 12800K, 60% used [0x00000007bf380000,0x00000007bfb002d8,0x00000007c0000000)
  to   space 12288K, 0% used [0x00000007be780000,0x00000007be780000,0x00000007bf380000)
 ParOldGen       total 103936K, used 10637K [0x0000000780000000, 0x0000000786580000, 0x00000007aab00000)
  object space 103936K, 10% used [0x0000000780000000,0x0000000780a63598,0x0000000786580000)
 Metaspace       used 41577K, capacity 44042K, committed 44160K, reserved 1087488K
  class space    used 5671K, capacity 5963K, committed 6016K, reserved 1048576K
}
Event: 8.179 GC heap before
{Heap before GC invocations=9 (full 2):
 PSYoungGen      total 336896K, used 317994K [0x00000007aab00000, 0x00000007c0000000, 0x00000007c0000000)
  eden space 324096K, 95% used [0x00000007aab00000,0x00000007bda0a7d8,0x00000007be780000)
  from space 12800K, 60% used [0x00000007bf380000,0x00000007bfb002d8,0x00000007c0000000)
  to   space 12288K, 0% used [0x00000007be780000,0x00000007be780000,0x00000007bf380000)
 ParOldGen       total 103936K, used 10637K [0x0000000780000000, 0x0000000786580000, 0x00000007aab00000)
  object space 103936K, 10% used [0x0000000780000000,0x0000000780a63598,0x0000000786580000)
 Metaspace       used 54893K, capacity 58886K, committed 59136K, reserved 1099776K
  class space    used 7519K, capacity 7908K, committed 7936K, reserved 1048576K
Event: 8.191 GC heap after
Heap after GC invocations=9 (full 2):
 PSYoungGen      total 336384K, used 12256K [0x00000007aab00000, 0x00000007c0000000, 0x00000007c0000000)
  eden space 324096K, 0% used [0x00000007aab00000,0x00000007aab00000,0x00000007be780000)
  from space 12288K, 99% used [0x00000007be780000,0x00000007bf378118,0x00000007bf380000)
  to   space 12800K, 0% used [0x00000007bf380000,0x00000007bf380000,0x00000007c0000000)
 ParOldGen       total 103936K, used 15007K [0x0000000780000000, 0x0000000786580000, 0x00000007aab00000)
  object space 103936K, 14% used [0x0000000780000000,0x0000000780ea7da8,0x0000000786580000)
 Metaspace       used 54893K, capacity 58886K, committed 59136K, reserved 1099776K
  class space    used 7519K, capacity 7908K, committed 7936K, reserved 1048576K
}
Event: 8.191 GC heap before
{Heap before GC invocations=10 (full 3):
 PSYoungGen      total 336384K, used 12256K [0x00000007aab00000, 0x00000007c0000000, 0x00000007c0000000)
  eden space 324096K, 0% used [0x00000007aab00000,0x00000007aab00000,0x00000007be780000)
  from space 12288K, 99% used [0x00000007be780000,0x00000007bf378118,0x00000007bf380000)
  to   space 12800K, 0% used [0x00000007bf380000,0x00000007bf380000,0x00000007c0000000)
 ParOldGen       total 103936K, used 15007K [0x0000000780000000, 0x0000000786580000, 0x00000007aab00000)
  object space 103936K, 14% used [0x0000000780000000,0x0000000780ea7da8,0x0000000786580000)
 Metaspace       used 54893K, capacity 58886K, committed 59136K, reserved 1099776K
  class space    used 7519K, capacity 7908K, committed 7936K, reserved 1048576K
Event: 8.277 GC heap after
Heap after GC invocations=10 (full 3):
 PSYoungGen      total 336384K, used 0K [0x00000007aab00000, 0x00000007c0000000, 0x00000007c0000000)
  eden space 324096K, 0% used [0x00000007aab00000,0x00000007aab00000,0x00000007be780000)
  from space 12288K, 0% used [0x00000007be780000,0x00000007be780000,0x00000007bf380000)
  to   space 12800K, 0% used [0x00000007bf380000,0x00000007bf380000,0x00000007c0000000)
 ParOldGen       total 141312K, used 24767K [0x0000000780000000, 0x0000000788a00000, 0x00000007aab00000)
  object space 141312K, 17% used [0x0000000780000000,0x000000078182fc68,0x0000000788a00000)
 Metaspace       used 54889K, capacity 58880K, committed 59136K, reserved 1099776K
  class space    used 7518K, capacity 7907K, committed 7936K, reserved 1048576K
}

Deoptimization events (10 events):
Event: 7.547 Thread 0x00007fa40b836800 Uncommon trap: reason=class_check action=maybe_recompile pc=0x000000010c88106c method=scala.util.Try$.apply(Lscala/Function0;)Lscala/util/Try; @ 5
Event: 7.550 Thread 0x00007fa40b836800 Uncommon trap: reason=class_check action=maybe_recompile pc=0x000000010c88106c method=scala.util.Try$.apply(Lscala/Function0;)Lscala/util/Try; @ 5
Event: 7.606 Thread 0x00007fa40b836800 Uncommon trap: reason=class_check action=maybe_recompile pc=0x000000010c88106c method=scala.util.Try$.apply(Lscala/Function0;)Lscala/util/Try; @ 5
Event: 7.606 Thread 0x00007fa40b836800 Uncommon trap: reason=class_check action=maybe_recompile pc=0x000000010c88106c method=scala.util.Try$.apply(Lscala/Function0;)Lscala/util/Try; @ 5
Event: 7.629 Thread 0x00007fa40b836800 Uncommon trap: reason=unstable_if action=reinterpret pc=0x000000010cc86cc4 method=java.util.HashMap.putMapEntries(Ljava/util/Map;Z)V @ 15
Event: 7.762 Thread 0x00007fa40b836800 Uncommon trap: reason=unstable_if action=reinterpret pc=0x000000010ccf8484 method=org.apache.xbean.asm9.ClassReader.readUTF8(I[C)Ljava/lang/String; @ 11
Event: 7.916 Thread 0x00007fa3fbecb000 Uncommon trap: reason=unstable_if action=reinterpret pc=0x000000010cb97278 method=java.util.regex.Pattern.closure(Ljava/util/regex/Pattern$Node;)Ljava/util/regex/Pattern$Node; @ 113
Event: 7.945 Thread 0x00007fa3fbecb000 Uncommon trap: reason=unstable_if action=reinterpret pc=0x000000010ca608ac method=java.util.regex.Pattern$Curly.match(Ljava/util/regex/Matcher;ILjava/lang/CharSequence;)Z @ 45
Event: 8.338 Thread 0x00007fa3fbecb000 Uncommon trap: reason=unstable_if action=reinterpret pc=0x000000010c6a1da0 method=java.nio.DirectByteBuffer.get([BII)Ljava/nio/ByteBuffer; @ 8
Event: 21.934 Thread 0x00007fa3dce96000 Uncommon trap: reason=null_check action=make_not_entrant pc=0x000000010c8f52bc method=java.lang.StringCoding.deref(Ljava/lang/ThreadLocal;)Ljava/lang/Object; @ 4

Classes redefined (0 events):
No events

Internal exceptions (10 events):
Event: 11.975 Thread 0x00007fa3dce96800 Exception <a 'java/lang/NoSuchMethodError': java.lang.Object.$anonfun$setAsJavaSetConverter$1(Lscala/collection/convert/DecorateAsJava;Lscala/collection/Set;)Ljava/util/Set;> (0x00000007abeae6d8) thrown at [/Users/java_re/workspace/8-2-build-macosx-x86_64
Event: 12.016 Thread 0x00007fa3dce96800 Exception <a 'java/lang/NoSuchMethodError': scala.Predef$.refArrayOps([Ljava/lang/Object;)Lscala/collection/mutable/ArrayOps;> (0x00000007ac320e80) thrown at [/Users/java_re/workspace/8-2-build-macosx-x86_64/jdk8u202/12323/hotspot/src/share/vm/interpreter
Event: 21.920 Thread 0x00007fa40b836800 Exception <a 'java/lang/reflect/InvocationTargetException'> (0x00000007ab7486e0) thrown at [/Users/java_re/workspace/8-2-build-macosx-x86_64/jdk8u202/12323/hotspot/src/share/vm/runtime/reflection.cpp, line 1092]
Event: 21.934 Thread 0x00007fa3dce96000 Implicit null exception at 0x000000010c8f49b8 to 0x000000010c8f52ad
Event: 21.956 Thread 0x00007fa40d0ef000 Exception <a 'java/lang/InterruptedException': sleep interrupted> (0x00000007abd48530) thrown at [/Users/java_re/workspace/8-2-build-macosx-x86_64/jdk8u202/12323/hotspot/src/share/vm/prims/jvm.cpp, line 3336]
Event: 22.017 Thread 0x00007fa40d643800 Exception <a 'java/lang/NoSuchMethodError': java.lang.Object.$anonfun$removeListener$1$adapted(Ljava/lang/Object;Lscala/Tuple2;)Ljava/lang/Object;> (0x00000007ac6c5888) thrown at [/Users/java_re/workspace/8-2-build-macosx-x86_64/jdk8u202/12323/hotspot/src
Event: 22.019 Thread 0x00007fa40d643800 Exception <a 'java/lang/NoSuchMethodError': java.lang.Object.$anonfun$removeListener$2$adapted(Lorg/apache/spark/util/ListenerBus;Lscala/Tuple2;)Ljava/lang/Object;> (0x00000007ac6ca358) thrown at [/Users/java_re/workspace/8-2-build-macosx-x86_64/jdk8u202/
Event: 22.022 Thread 0x00007fa40d643800 Exception <a 'java/lang/NoSuchMethodError': java.lang.Object.$anonfun$listeners$1(Lscala/Tuple2;)Ljava/lang/Object;> (0x00000007ac6cf188) thrown at [/Users/java_re/workspace/8-2-build-macosx-x86_64/jdk8u202/12323/hotspot/src/share/vm/interpreter/linkResol
Event: 22.024 Thread 0x00007fa40d643800 Exception <a 'java/lang/NoSuchMethodError': java.lang.Object.$anonfun$bufferAsJavaListConverter$1(Lscala/collection/convert/DecorateAsJava;Lscala/collection/mutable/Buffer;)Ljava/util/List;> (0x00000007ac6d3070) thrown at [/Users/java_re/workspace/8-2-bui
Event: 22.029 Thread 0x00007fa40d643800 Exception <a 'java/lang/NoSuchMethodError': java.lang.Object.$anonfun$indexWhere$1$adapted(Lscala/Function1;Ljava/lang/Object;)Ljava/lang/Object;> (0x00000007ac6e6118) thrown at [/Users/java_re/workspace/8-2-build-macosx-x86_64/jdk8u202/12323/hotspot/src/

Events (10 events):
Event: 22.076 loading class scala/Function1
Event: 22.076 loading class scala/Function1 done
Event: 22.077 loading class org/sparkproject/jetty/util/thread/QueuedThreadPool
Event: 22.077 loading class org/sparkproject/jetty/util/thread/QueuedThreadPool done
Event: 22.077 loading class org/sparkproject/jetty/util/thread/QueuedThreadPool
Event: 22.077 loading class org/sparkproject/jetty/util/thread/QueuedThreadPool done
Event: 22.079 loading class org/sparkproject/jetty/util/FutureCallback
Event: 22.079 loading class org/sparkproject/jetty/util/FutureCallback done
Event: 22.080 loading class org/sparkproject/jetty/util/FutureCallback
Event: 22.080 loading class org/sparkproject/jetty/util/FutureCallback done


Dynamic libraries:
0x00007ff82dea2000 	/System/Library/Frameworks/Cocoa.framework/Versions/A/Cocoa
0x00007ff81959d000 	/System/Library/Frameworks/AppKit.framework/Versions/C/AppKit
0x00007ff81cb07000 	/System/Library/Frameworks/CoreData.framework/Versions/A/CoreData
0x00007ff8179a9000 	/System/Library/Frameworks/Foundation.framework/Versions/C/Foundation
0x00007ff821d89000 	/usr/lib/libSystem.B.dylib
0x00007ff81a42b000 	/System/Library/PrivateFrameworks/UIFoundation.framework/Versions/A/UIFoundation
0x00007ff827da8000 	/System/Library/PrivateFrameworks/RemoteViewServices.framework/Versions/A/RemoteViewServices
0x00007ff82004c000 	/System/Library/PrivateFrameworks/XCTTargetBootstrap.framework/Versions/A/XCTTargetBootstrap
0x00007ff823c4e000 	/System/Library/PrivateFrameworks/InternationalSupport.framework/Versions/A/InternationalSupport
0x00007ff823cd8000 	/System/Library/PrivateFrameworks/UserActivity.framework/Versions/A/UserActivity
0x00007ff823032000 	/usr/lib/libspindump.dylib
0x00007ff81a6b9000 	/System/Library/Frameworks/UniformTypeIdentifiers.framework/Versions/A/UniformTypeIdentifiers
0x00007ff81e775000 	/usr/lib/libapp_launch_measurement.dylib
0x00007ff81d4e8000 	/System/Library/PrivateFrameworks/CoreAnalytics.framework/Versions/A/CoreAnalytics
0x00007ff81e778000 	/System/Library/PrivateFrameworks/CoreAutoLayout.framework/Versions/A/CoreAutoLayout
0x00007ff81f9a6000 	/System/Library/Frameworks/Metal.framework/Versions/A/Metal
0x00007ff8206d2000 	/usr/lib/liblangid.dylib
0x00007ff820051000 	/System/Library/PrivateFrameworks/CoreSVG.framework/Versions/A/CoreSVG
0x00007ff81baa0000 	/System/Library/PrivateFrameworks/SkyLight.framework/Versions/A/SkyLight
0x00007ff81be3e000 	/System/Library/Frameworks/CoreGraphics.framework/Versions/A/CoreGraphics
0x00007ff828468000 	/System/Library/Frameworks/Accelerate.framework/Versions/A/Accelerate
0x00007ff822ab1000 	/System/Library/PrivateFrameworks/IconServices.framework/Versions/A/IconServices
0x00007ff81f98b000 	/System/Library/Frameworks/IOSurface.framework/Versions/A/IOSurface
0x00007ff81d516000 	/usr/lib/libDiagnosticMessagesClient.dylib
0x00007ff821ca3000 	/usr/lib/libz.1.dylib
0x00007ff82bb4b000 	/System/Library/Frameworks/ApplicationServices.framework/Versions/A/ApplicationServices
0x00007ff820038000 	/System/Library/PrivateFrameworks/DFRFoundation.framework/Versions/A/DFRFoundation
0x00007ff818e85000 	/usr/lib/libicucore.A.dylib
0x00007ff824a43000 	/System/Library/Frameworks/AudioToolbox.framework/Versions/A/AudioToolbox
0x00007ff823c5a000 	/System/Library/PrivateFrameworks/DataDetectorsCore.framework/Versions/A/DataDetectorsCore
0x00007ff91fc2c000 	/System/Library/PrivateFrameworks/TextInput.framework/Versions/A/TextInput
0x00007ff81ba23000 	/usr/lib/libMobileGestalt.dylib
0x00007ff81fd44000 	/System/Library/Frameworks/Carbon.framework/Versions/A/Frameworks/HIToolbox.framework/Versions/A/HIToolbox
0x00007ff81e17b000 	/System/Library/Frameworks/QuartzCore.framework/Versions/A/QuartzCore
0x00007ff818b2c000 	/System/Library/Frameworks/Security.framework/Versions/A/Security
0x00007ff827de0000 	/System/Library/Frameworks/Carbon.framework/Versions/A/Frameworks/SpeechRecognition.framework/Versions/A/SpeechRecognition
0x00007ff81e4d5000 	/System/Library/PrivateFrameworks/CoreUI.framework/Versions/A/CoreUI
0x00007ff8183f8000 	/System/Library/Frameworks/CoreAudio.framework/Versions/A/CoreAudio
0x00007ff81d605000 	/System/Library/Frameworks/DiskArbitration.framework/Versions/A/DiskArbitration
0x00007ff82341e000 	/System/Library/PrivateFrameworks/MultitouchSupport.framework/Versions/A/MultitouchSupport
0x00007ff81ba22000 	/usr/lib/libenergytrace.dylib
0x00007ff819489000 	/System/Library/Frameworks/IOKit.framework/Versions/A/IOKit
0x00007ff8281d0000 	/System/Library/Frameworks/CoreServices.framework/Versions/A/CoreServices
0x00007ff81e70f000 	/System/Library/PrivateFrameworks/PerformanceAnalysis.framework/Versions/A/PerformanceAnalysis
0x00007ffa2f038000 	/System/Library/Frameworks/OpenGL.framework/Versions/A/OpenGL
0x00007ff8212bd000 	/System/Library/PrivateFrameworks/MobileKeyBag.framework/Versions/A/MobileKeyBag
0x00007ff816a46000 	/usr/lib/libobjc.A.dylib
0x00007ff81c568000 	/System/Library/Frameworks/ColorSync.framework/Versions/A/ColorSync
0x00007ff816c00000 	/System/Library/Frameworks/CoreFoundation.framework/Versions/A/CoreFoundation
0x00007ff8202c8000 	/System/Library/Frameworks/CoreImage.framework/Versions/A/CoreImage
0x00007ff818210000 	/System/Library/Frameworks/CoreText.framework/Versions/A/CoreText
0x00007ff820081000 	/System/Library/Frameworks/ImageIO.framework/Versions/A/ImageIO
0x00007ff821d8f000 	/System/Library/PrivateFrameworks/SoftLinking.framework/Versions/A/SoftLinking
0x00007ff81e7c0000 	/usr/lib/libxml2.2.dylib
0x00007ff816b0c000 	/usr/lib/libc++.1.dylib
0x00007ff822010000 	/usr/lib/libcompression.dylib
0x00007ff823b81000 	/System/Library/PrivateFrameworks/TextureIO.framework/Versions/A/TextureIO
0x00007ff82272a000 	/usr/lib/libate.dylib
0x00007ff821d84000 	/usr/lib/system/libcache.dylib
0x00007ff821d40000 	/usr/lib/system/libcommonCrypto.dylib
0x00007ff821d69000 	/usr/lib/system/libcompiler_rt.dylib
0x00007ff821d5f000 	/usr/lib/system/libcopyfile.dylib
0x00007ff816941000 	/usr/lib/system/libcorecrypto.dylib
0x00007ff8169ff000 	/usr/lib/system/libdispatch.dylib
0x00007ff816bbf000 	/usr/lib/system/libdyld.dylib
0x00007ff821d7b000 	/usr/lib/system/libkeymgr.dylib
0x00007ff821d1e000 	/usr/lib/system/libmacho.dylib
0x00007ff821397000 	/usr/lib/system/libquarantine.dylib
0x00007ff821d79000 	/usr/lib/system/libremovefile.dylib
0x00007ff81ba70000 	/usr/lib/system/libsystem_asl.dylib
0x00007ff8168ea000 	/usr/lib/system/libsystem_blocks.dylib
0x00007ff816a83000 	/usr/lib/system/libsystem_c.dylib
0x00007ff821d71000 	/usr/lib/system/libsystem_collections.dylib
0x00007ff8206c2000 	/usr/lib/system/libsystem_configuration.dylib
0x00007ff81f96e000 	/usr/lib/system/libsystem_containermanager.dylib
0x00007ff821a51000 	/usr/lib/system/libsystem_coreservices.dylib
0x00007ff819119000 	/usr/lib/system/libsystem_darwin.dylib
0x00007ff821d7c000 	/usr/lib/system/libsystem_dnssd.dylib
0x00007ff816a80000 	/usr/lib/system/libsystem_featureflags.dylib
0x00007ff816bd5000 	/usr/lib/system/libsystem_info.dylib
0x00007ff821cb6000 	/usr/lib/system/libsystem_m.dylib
0x00007ff8169d3000 	/usr/lib/system/libsystem_malloc.dylib
0x00007ff81ba0b000 	/usr/lib/system/libsystem_networkextension.dylib
0x00007ff81953f000 	/usr/lib/system/libsystem_notify.dylib
0x00007ff8280a5000 	/usr/lib/system/libsystem_product_info_filter.dylib
0x00007ff8206c6000 	/usr/lib/system/libsystem_sandbox.dylib
0x00007ff821d76000 	/usr/lib/system/libsystem_secinit.dylib
0x00007ff816b7b000 	/usr/lib/system/libsystem_kernel.dylib
0x00007ff816bcb000 	/usr/lib/system/libsystem_platform.dylib
0x00007ff816bb3000 	/usr/lib/system/libsystem_pthread.dylib
0x00007ff81d328000 	/usr/lib/system/libsystem_symptoms.dylib
0x00007ff816928000 	/usr/lib/system/libsystem_trace.dylib
0x00007ff821d4c000 	/usr/lib/system/libunwind.dylib
0x00007ff8168ec000 	/usr/lib/system/libxpc.dylib
0x00007ff816b65000 	/usr/lib/libc++abi.dylib
0x00007ff821d57000 	/usr/lib/liboah.dylib
0x00007ff8224e8000 	/usr/lib/liblzma.5.dylib
0x00007ff8176bc000 	/System/Library/Frameworks/SystemConfiguration.framework/Versions/A/SystemConfiguration
0x00007ff821d8b000 	/usr/lib/libfakelink.dylib
0x00007ff81b57c000 	/System/Library/Frameworks/CFNetwork.framework/Versions/A/CFNetwork
0x00007ff821ecc000 	/usr/lib/libarchive.2.dylib
0x00007ff8206ce000 	/System/Library/PrivateFrameworks/AppleSystemInfo.framework/Versions/A/AppleSystemInfo
0x00007ff8213be000 	/usr/lib/libbsm.0.dylib
0x00007ff81ab8f000 	/usr/lib/libnetwork.dylib
0x00007ff821d24000 	/usr/lib/system/libkxld.dylib
0x00007ff820fea000 	/System/Library/PrivateFrameworks/IOMobileFramebuffer.framework/Versions/A/IOMobileFramebuffer
0x00007ffb2e721000 	/usr/lib/libCoreEntitlements.dylib
0x00007ff821a33000 	/System/Library/PrivateFrameworks/AppleFSCompression.framework/Versions/A/AppleFSCompression
0x00007ff8213a6000 	/usr/lib/libcoretls.dylib
0x00007ff822502000 	/usr/lib/libcoretls_cfhelpers.dylib
0x00007ff82200b000 	/usr/lib/libpam.2.dylib
0x00007ff81cf4b000 	/usr/lib/libsqlite3.dylib
0x00007ff822571000 	/usr/lib/libxar.1.dylib
0x00007ff821a43000 	/usr/lib/libbz2.1.0.dylib
0x00007ff821d90000 	/usr/lib/libpcap.A.dylib
0x00007ff81d320000 	/usr/lib/libdns_services.dylib
0x00007ff821fde000 	/usr/lib/libapple_nghttp2.dylib
0x00007ff821dca000 	/usr/lib/libiconv.2.dylib
0x00007ff821d1d000 	/usr/lib/libcharset.1.dylib
0x00007ff81e743000 	/System/Library/Frameworks/CoreServices.framework/Versions/A/Frameworks/FSEvents.framework/Versions/A/FSEvents
0x00007ff819123000 	/System/Library/Frameworks/CoreServices.framework/Versions/A/Frameworks/CarbonCore.framework/Versions/A/CarbonCore
0x00007ff81d569000 	/System/Library/Frameworks/CoreServices.framework/Versions/A/Frameworks/Metadata.framework/Versions/A/Metadata
0x00007ff821a56000 	/System/Library/Frameworks/CoreServices.framework/Versions/A/Frameworks/OSServices.framework/Versions/A/OSServices
0x00007ff821f53000 	/System/Library/Frameworks/CoreServices.framework/Versions/A/Frameworks/SearchKit.framework/Versions/A/SearchKit
0x00007ff81d2b3000 	/System/Library/Frameworks/CoreServices.framework/Versions/A/Frameworks/AE.framework/Versions/A/AE
0x00007ff817101000 	/System/Library/Frameworks/CoreServices.framework/Versions/A/Frameworks/LaunchServices.framework/Versions/A/LaunchServices
0x00007ff822499000 	/System/Library/Frameworks/CoreServices.framework/Versions/A/Frameworks/DictionaryServices.framework/Versions/A/DictionaryServices
0x00007ff81e750000 	/System/Library/Frameworks/CoreServices.framework/Versions/A/Frameworks/SharedFileList.framework/Versions/A/SharedFileList
0x00007ff82139a000 	/usr/lib/libCheckFix.dylib
0x00007ff81ba87000 	/System/Library/PrivateFrameworks/TCC.framework/Versions/A/TCC
0x00007ff8206d4000 	/System/Library/PrivateFrameworks/CoreNLP.framework/Versions/A/CoreNLP
0x00007ff81d519000 	/System/Library/PrivateFrameworks/MetadataUtilities.framework/Versions/A/MetadataUtilities
0x00007ff81776c000 	/usr/lib/libmecabra.dylib
0x00007ff8213ce000 	/usr/lib/libmecab.dylib
0x00007ff817737000 	/usr/lib/libCRFSuite.dylib
0x00007ff821428000 	/usr/lib/libgermantok.dylib
0x00007ff821fb9000 	/usr/lib/libThaiTokenizer.dylib
0x00007ff81d60c000 	/System/Library/Frameworks/Accelerate.framework/Versions/A/Frameworks/vImage.framework/Versions/A/vImage
0x00007ff8281a7000 	/System/Library/Frameworks/Accelerate.framework/Versions/A/Frameworks/vecLib.framework/Versions/A/vecLib
0x00007ff8225b2000 	/System/Library/Frameworks/Accelerate.framework/Versions/A/Frameworks/vecLib.framework/Versions/A/libvMisc.dylib
0x00007ff820de9000 	/System/Library/Frameworks/Accelerate.framework/Versions/A/Frameworks/vecLib.framework/Versions/A/libvDSP.dylib
0x00007ff81747b000 	/System/Library/Frameworks/Accelerate.framework/Versions/A/Frameworks/vecLib.framework/Versions/A/libBLAS.dylib
0x00007ff8220ee000 	/System/Library/Frameworks/Accelerate.framework/Versions/A/Frameworks/vecLib.framework/Versions/A/libLAPACK.dylib
0x00007ff82142b000 	/System/Library/Frameworks/Accelerate.framework/Versions/A/Frameworks/vecLib.framework/Versions/A/libLinearAlgebra.dylib
0x00007ff821ff6000 	/System/Library/Frameworks/Accelerate.framework/Versions/A/Frameworks/vecLib.framework/Versions/A/libSparseBLAS.dylib
0x00007ff8220e8000 	/System/Library/Frameworks/Accelerate.framework/Versions/A/Frameworks/vecLib.framework/Versions/A/libQuadrature.dylib
0x00007ff8207bf000 	/System/Library/Frameworks/Accelerate.framework/Versions/A/Frameworks/vecLib.framework/Versions/A/libBNNS.dylib
0x00007ff81764d000 	/System/Library/Frameworks/Accelerate.framework/Versions/A/Frameworks/vecLib.framework/Versions/A/libSparse.dylib
0x00007ff8207b8000 	/System/Library/PrivateFrameworks/LinguisticData.framework/Versions/A/LinguisticData
0x00007ff817603000 	/System/Library/PrivateFrameworks/Lexicon.framework/Versions/A/Lexicon
0x00007ff8225ab000 	/usr/lib/libChineseTokenizer.dylib
0x00007ff817d65000 	/System/Library/PrivateFrameworks/LanguageModeling.framework/Versions/A/LanguageModeling
0x00007ff821fbb000 	/System/Library/PrivateFrameworks/AppleSauce.framework/Versions/A/AppleSauce
0x00007ff820fd8000 	/System/Library/PrivateFrameworks/CoreEmoji.framework/Versions/A/CoreEmoji
0x00007ff821ebb000 	/usr/lib/libcmph.dylib
0x00007ff81e727000 	/System/Library/Frameworks/OpenDirectory.framework/Versions/A/Frameworks/CFOpenDirectory.framework/Versions/A/CFOpenDirectory
0x00007ff81e71b000 	/System/Library/Frameworks/OpenDirectory.framework/Versions/A/OpenDirectory
0x00007ff822504000 	/System/Library/PrivateFrameworks/APFS.framework/Versions/A/APFS
0x00007ff8212f5000 	/System/Library/Frameworks/SecurityFoundation.framework/Versions/A/SecurityFoundation
0x00007ff82257f000 	/usr/lib/libutil.dylib
0x00007ff81944d000 	/System/Library/PrivateFrameworks/CoreServicesStore.framework/Versions/A/CoreServicesStore
0x00007ff822583000 	/usr/lib/libxslt.1.dylib
0x00007ff821382000 	/System/Library/PrivateFrameworks/BackgroundTaskManagement.framework/Versions/A/BackgroundTaskManagement
0x00007ff823aa2000 	/System/Library/Frameworks/ImageIO.framework/Versions/A/Resources/libRadiance.dylib
0x00007ff823aab000 	/System/Library/Frameworks/ImageIO.framework/Versions/A/Resources/libJPEG.dylib
0x00007ff8239fd000 	/System/Library/Frameworks/ImageIO.framework/Versions/A/Resources/libPng.dylib
0x00007ff823a1e000 	/System/Library/Frameworks/ImageIO.framework/Versions/A/Resources/libTIFF.dylib
0x00007ff823b0a000 	/System/Library/Frameworks/ImageIO.framework/Versions/A/Resources/libGIF.dylib
0x00007ff82333a000 	/System/Library/Frameworks/ImageIO.framework/Versions/A/Resources/libJP2.dylib
0x00007ff822a78000 	/usr/lib/libexpat.1.dylib
0x00007ff8232ef000 	/System/Library/PrivateFrameworks/AppleJPEG.framework/Versions/A/AppleJPEG
0x00007ff81fc08000 	/System/Library/PrivateFrameworks/FontServices.framework/libFontParser.dylib
0x00007ff81d25d000 	/System/Library/PrivateFrameworks/RunningBoardServices.framework/Versions/A/RunningBoardServices
0x00007ff82e45a000 	/System/Library/PrivateFrameworks/IOSurfaceAccelerator.framework/Versions/A/IOSurfaceAccelerator
0x00007ff82341a000 	/System/Library/PrivateFrameworks/WatchdogClient.framework/Versions/A/WatchdogClient
0x00007ff817e53000 	/System/Library/Frameworks/CoreDisplay.framework/Versions/A/CoreDisplay
0x00007ff81fb06000 	/System/Library/Frameworks/CoreMedia.framework/Versions/A/CoreMedia
0x00007ff81f99d000 	/System/Library/PrivateFrameworks/IOAccelerator.framework/Versions/A/IOAccelerator
0x00007ff81e8a4000 	/System/Library/Frameworks/CoreVideo.framework/Versions/A/CoreVideo
0x00007ff822009000 	/System/Library/Frameworks/MetalPerformanceShaders.framework/Versions/A/MetalPerformanceShaders
0x00007ff823457000 	/System/Library/Frameworks/VideoToolbox.framework/Versions/A/VideoToolbox
0x00007ff81d1a7000 	/System/Library/PrivateFrameworks/BaseBoard.framework/Versions/A/BaseBoard
0x00007ff81cf31000 	/System/Library/PrivateFrameworks/ProtocolBuffer.framework/Versions/A/ProtocolBuffer
0x00007ff823a9b000 	/System/Library/PrivateFrameworks/GPUWrangler.framework/Versions/A/GPUWrangler
0x00007ff823a7f000 	/System/Library/PrivateFrameworks/IOPresentment.framework/Versions/A/IOPresentment
0x00007ff823aa5000 	/System/Library/PrivateFrameworks/DSExternalDisplay.framework/Versions/A/DSExternalDisplay
0x00007ffa2f02c000 	/System/Library/Frameworks/OpenGL.framework/Versions/A/Libraries/libCoreFSCache.dylib
0x00007ffb1beca000 	/System/Library/PrivateFrameworks/GPUCompiler.framework/Versions/31001/Libraries/libGPUCompilerUtils.dylib
0x00007ff823b0f000 	/System/Library/PrivateFrameworks/CMCaptureCore.framework/Versions/A/CMCaptureCore
0x00007ff823020000 	/System/Library/PrivateFrameworks/AppServerSupport.framework/Versions/A/AppServerSupport
0x00007ff8252db000 	/System/Library/PrivateFrameworks/perfdata.framework/Versions/A/perfdata
0x00007ff817f7f000 	/System/Library/PrivateFrameworks/AudioToolboxCore.framework/Versions/A/AudioToolboxCore
0x00007ff81fae4000 	/System/Library/PrivateFrameworks/caulk.framework/Versions/A/caulk
0x00007ff824bed000 	/usr/lib/libAudioStatistics.dylib
0x00007ff91c3da000 	/System/Library/PrivateFrameworks/SystemPolicy.framework/Versions/A/SystemPolicy
0x00007ff824e48000 	/usr/lib/libSMC.dylib
0x00007ff82dd55000 	/System/Library/Frameworks/CoreMIDI.framework/Versions/A/CoreMIDI
0x00007ff8239cc000 	/usr/lib/libAudioToolboxUtility.dylib
0x00007ff91867d000 	/System/Library/PrivateFrameworks/OSAServicesClient.framework/Versions/A/OSAServicesClient
0x00007ff8252e8000 	/usr/lib/libperfcheck.dylib
0x00007ff91ce84000 	/usr/lib/libmis.dylib
0x00007ffa2f087000 	/System/Library/Frameworks/OpenGL.framework/Versions/A/Libraries/libGLU.dylib
0x00007ffa2f04b000 	/System/Library/Frameworks/OpenGL.framework/Versions/A/Libraries/libGFXShared.dylib
0x00007ffa2f254000 	/System/Library/Frameworks/OpenGL.framework/Versions/A/Libraries/libGL.dylib
0x00007ffa2f054000 	/System/Library/Frameworks/OpenGL.framework/Versions/A/Libraries/libGLImage.dylib
0x00007ffa2f048000 	/System/Library/Frameworks/OpenGL.framework/Versions/A/Libraries/libCVMSPluginSupport.dylib
0x00007ffa2f033000 	/System/Library/Frameworks/OpenGL.framework/Versions/A/Libraries/libCoreVMClient.dylib
0x00007ff820650000 	/System/Library/Frameworks/MetalPerformanceShaders.framework/Versions/A/Frameworks/MPSCore.framework/Versions/A/MPSCore
0x00007ff82199e000 	/System/Library/Frameworks/MetalPerformanceShaders.framework/Versions/A/Frameworks/MPSImage.framework/Versions/A/MPSImage
0x00007ff821441000 	/System/Library/Frameworks/MetalPerformanceShaders.framework/Versions/A/Frameworks/MPSNeuralNetwork.framework/Versions/A/MPSNeuralNetwork
0x00007ff8218b5000 	/System/Library/Frameworks/MetalPerformanceShaders.framework/Versions/A/Frameworks/MPSMatrix.framework/Versions/A/MPSMatrix
0x00007ff821670000 	/System/Library/Frameworks/MetalPerformanceShaders.framework/Versions/A/Frameworks/MPSRayIntersector.framework/Versions/A/MPSRayIntersector
0x00007ff8218ed000 	/System/Library/Frameworks/MetalPerformanceShaders.framework/Versions/A/Frameworks/MPSNDArray.framework/Versions/A/MPSNDArray
0x00007ffa33fb4000 	/System/Library/Frameworks/MetalPerformanceShaders.framework/Versions/A/Frameworks/MPSFunctions.framework/Versions/A/MPSFunctions
0x00007ff817358000 	/System/Library/PrivateFrameworks/MetalTools.framework/Versions/A/MetalTools
0x00007ff8206cc000 	/System/Library/PrivateFrameworks/AggregateDictionary.framework/Versions/A/AggregateDictionary
0x00007ff82285a000 	/usr/lib/libIOReport.dylib
0x00007ffa30663000 	/System/Library/Frameworks/OpenCL.framework/Versions/A/OpenCL
0x00007ff822bbe000 	/System/Library/PrivateFrameworks/FaceCore.framework/Versions/A/FaceCore
0x00007ff822baf000 	/System/Library/PrivateFrameworks/GraphVisualizer.framework/Versions/A/GraphVisualizer
0x00007ffb1bdd5000 	/System/Library/PrivateFrameworks/FontServices.framework/Versions/A/FontServices
0x00007ff822fd8000 	/System/Library/PrivateFrameworks/OTSVG.framework/Versions/A/OTSVG
0x00007ff81e48b000 	/System/Library/Frameworks/ApplicationServices.framework/Versions/A/Frameworks/ATS.framework/Versions/A/Resources/libFontRegistry.dylib
0x00007ff823028000 	/System/Library/PrivateFrameworks/FontServices.framework/libhvf.dylib
0x00007ffb1bdd6000 	/System/Library/PrivateFrameworks/FontServices.framework/libXTFontStaticRegistryData.dylib
0x00007ff822a28000 	/System/Library/PrivateFrameworks/AppleVA.framework/Versions/A/AppleVA
0x00007ff824c0d000 	/System/Library/Frameworks/ApplicationServices.framework/Versions/A/Frameworks/ATS.framework/Versions/A/ATS
0x00007ff81c664000 	/System/Library/Frameworks/ApplicationServices.framework/Versions/A/Frameworks/HIServices.framework/Versions/A/HIServices
0x00007ff823b19000 	/System/Library/Frameworks/ApplicationServices.framework/Versions/A/Frameworks/PrintCore.framework/Versions/A/PrintCore
0x00007ff824f9b000 	/System/Library/Frameworks/ApplicationServices.framework/Versions/A/Frameworks/QD.framework/Versions/A/QD
0x00007ff824f93000 	/System/Library/Frameworks/ApplicationServices.framework/Versions/A/Frameworks/ColorSyncLegacy.framework/Versions/A/ColorSyncLegacy
0x00007ff824bfd000 	/System/Library/Frameworks/ApplicationServices.framework/Versions/A/Frameworks/SpeechSynthesis.framework/Versions/A/SpeechSynthesis
0x00007ff823ada000 	/System/Library/Frameworks/ApplicationServices.framework/Versions/A/Frameworks/ATSUI.framework/Versions/A/ATSUI
0x00007ff824f28000 	/usr/lib/libcups.2.dylib
0x00007ff8252f7000 	/System/Library/Frameworks/Kerberos.framework/Versions/A/Kerberos
0x00007ff825306000 	/System/Library/Frameworks/GSS.framework/Versions/A/GSS
0x00007ff824c79000 	/usr/lib/libresolv.9.dylib
0x00007ff823037000 	/System/Library/PrivateFrameworks/Heimdal.framework/Versions/A/Heimdal
0x00007ff82bed3000 	/System/Library/Frameworks/Kerberos.framework/Versions/A/Libraries/libHeimdalProxy.dylib
0x00007ff81d330000 	/System/Library/Frameworks/Network.framework/Versions/A/Network
0x00007ff822a92000 	/usr/lib/libheimdal-asn1.dylib
0x00007ff825351000 	/System/Library/PrivateFrameworks/CommonAuth.framework/Versions/A/CommonAuth
0x00007ff824b7f000 	/System/Library/PrivateFrameworks/AudioSession.framework/Versions/A/AudioSession
0x00007ff822b22000 	/System/Library/PrivateFrameworks/MediaExperience.framework/Versions/A/MediaExperience
0x00007ff824a12000 	/System/Library/PrivateFrameworks/AudioSession.framework/libSessionUtility.dylib
0x00007ff824fa7000 	/System/Library/PrivateFrameworks/AudioResourceArbitration.framework/Versions/A/AudioResourceArbitration
0x00007ff82901a000 	/System/Library/PrivateFrameworks/PowerLog.framework/Versions/A/PowerLog
0x00007ff822a9b000 	/System/Library/PrivateFrameworks/IconFoundation.framework/Versions/A/IconFoundation
0x00007ff827dd0000 	/System/Library/PrivateFrameworks/SpeechRecognitionCore.framework/Versions/A/SpeechRecognitionCore
0x000000010a2d9000 	/Library/Java/JavaVirtualMachines/jdk1.8.0_202.jdk/Contents/Home/jre/lib/server/libjvm.dylib
0x00007ffb2f1c9000 	/usr/lib/libstdc++.6.dylib
0x000000010936d000 	/Library/Java/JavaVirtualMachines/jdk1.8.0_202.jdk/Contents/Home/jre/lib/libverify.dylib
0x00000001093c2000 	/Library/Java/JavaVirtualMachines/jdk1.8.0_202.jdk/Contents/Home/jre/lib/libjava.dylib
0x000000010939d000 	/Library/Java/JavaVirtualMachines/jdk1.8.0_202.jdk/Contents/Home/jre/lib/libzip.dylib
0x0000000120be4000 	/Library/Java/JavaVirtualMachines/jdk1.8.0_202.jdk/Contents/Home/jre/lib/libnet.dylib
0x00000001211c2000 	/Library/Java/JavaVirtualMachines/jdk1.8.0_202.jdk/Contents/Home/jre/lib/libmanagement.dylib
0x0000000121462000 	/Library/Java/JavaVirtualMachines/jdk1.8.0_202.jdk/Contents/Home/jre/lib/libjaas_unix.dylib
0x000000010a0e4000 	/Library/Java/JavaVirtualMachines/jdk1.8.0_202.jdk/Contents/Home/jre/lib/libnio.dylib
0x0000000122527000 	/Library/Java/JavaVirtualMachines/jdk1.8.0_202.jdk/Contents/Home/jre/lib/libsunec.dylib

VM Arguments:
jvm_args: -Xmx1g 
java_command: org.apache.spark.deploy.SparkSubmit --class com.tranlam.App --jars /Users/tranlammacbook/Documents/spark_streaming_learning/spark_streaming_example/spark_ex/target/dependency/RoaringBitmap-0.7.45.jar,/Users/tranlammacbook/Documents/spark_streaming_learning/spark_streaming_example/spark_ex/target/dependency/activation-1.1.1.jar,/Users/tranlammacbook/Documents/spark_streaming_learning/spark_streaming_example/spark_ex/target/dependency/aircompressor-0.10.jar,/Users/tranlammacbook/Documents/spark_streaming_learning/spark_streaming_example/spark_ex/target/dependency/antlr4-runtime-4.7.jar,/Users/tranlammacbook/Documents/spark_streaming_learning/spark_streaming_example/spark_ex/target/dependency/aopalliance-repackaged-2.4.0-b34.jar,/Users/tranlammacbook/Documents/spark_streaming_learning/spark_streaming_example/spark_ex/target/dependency/apacheds-i18n-2.0.0-M15.jar,/Users/tranlammacbook/Documents/spark_streaming_learning/spark_streaming_example/spark_ex/target/dependency/apacheds-kerberos-codec-2.0.0-M15.jar,/Users/tranlammacbook/Documents/spark_streaming_learning/spark_streaming_example/spark_ex/target/dependency/api-asn1-api-1.0.0-M20.jar,/Users/tranlammacbook/Documents/spark_streaming_learning/spark_streaming_example/spark_ex/target/dependency/api-util-1.0.0-M20.jar,/Users/tranlammacbook/Documents/spark_streaming_learning/spark_streaming_example/spark_ex/target/dependency/arrow-format-0.10.0.jar,/Users/tranlammacbook/Documents/spark_streaming_learning/spark_streaming_example/spark_ex/target/dependency/arrow-memory-0.10.0.jar,/Users/tranlammacbook/Documents/spark_streaming_learning/spark_streaming_example/spark_ex/target/dependency/arrow-vector-0.10.0.jar,/Users/tranlammacbook/Documents/spark_streaming_learning/spark_streaming_example/spark_ex/target/dependency/avro-1.8.2.jar,/Users/tranlammacbook/Documents/spark_streaming_learning/spark_streaming_example/spark_ex/target/dependency/avro-ipc-1.8.2.jar,/Users/tranlammacbook/Documents/spark_streaming_learni
java_class_path (initial): /Users/tranlammacbook/Spark/spark-3.2.0-bin-hadoop3.2/conf/:/Users/tranlammacbook/Spark/spark-3.2.0-bin-hadoop3.2/jars/dropwizard-metrics-hadoop-metrics2-reporter-0.1.2.jar:/Users/tranlammacbook/Spark/spark-3.2.0-bin-hadoop3.2/jars/spark-repl_2.12-3.2.0.jar:/Users/tranlammacbook/Spark/spark-3.2.0-bin-hadoop3.2/jars/logging-interceptor-3.12.12.jar:/Users/tranlammacbook/Spark/spark-3.2.0-bin-hadoop3.2/jars/hive-shims-2.3.9.jar:/Users/tranlammacbook/Spark/spark-3.2.0-bin-hadoop3.2/jars/blas-2.2.0.jar:/Users/tranlammacbook/Spark/spark-3.2.0-bin-hadoop3.2/jars/jakarta.xml.bind-api-2.3.2.jar:/Users/tranlammacbook/Spark/spark-3.2.0-bin-hadoop3.2/jars/spark-launcher_2.12-3.2.0.jar:/Users/tranlammacbook/Spark/spark-3.2.0-bin-hadoop3.2/jars/kubernetes-model-policy-5.4.1.jar:/Users/tranlammacbook/Spark/spark-3.2.0-bin-hadoop3.2/jars/commons-io-2.8.0.jar:/Users/tranlammacbook/Spark/spark-3.2.0-bin-hadoop3.2/jars/jaxb-runtime-2.3.2.jar:/Users/tranlammacbook/Spark/spark-3.2.0-bin-hadoop3.2/jars/aircompressor-0.21.jar:/Users/tranlammacbook/Spark/spark-3.2.0-bin-hadoop3.2/jars/minlog-1.3.0.jar:/Users/tranlammacbook/Spark/spark-3.2.0-bin-hadoop3.2/jars/kubernetes-client-5.4.1.jar:/Users/tranlammacbook/Spark/spark-3.2.0-bin-hadoop3.2/jars/hive-exec-2.3.9-core.jar:/Users/tranlammacbook/Spark/spark-3.2.0-bin-hadoop3.2/jars/javolution-5.5.1.jar:/Users/tranlammacbook/Spark/spark-3.2.0-bin-hadoop3.2/jars/jersey-common-2.34.jar:/Users/tranlammacbook/Spark/spark-3.2.0-bin-hadoop3.2/jars/jta-1.1.jar:/Users/tranlammacbook/Spark/spark-3.2.0-bin-hadoop3.2/jars/metrics-jvm-4.2.0.jar:/Users/tranlammacbook/Spark/spark-3.2.0-bin-hadoop3.2/jars/threeten-extra-1.5.0.jar:/Users/tranlammacbook/Spark/spark-3.2.0-bin-hadoop3.2/jars/JTransforms-3.1.jar:/Users/tranlammacbook/Spark/spark-3.2.0-bin-hadoop3.2/jars/snappy-java-1.1.8.4.jar:/Users/tranlammacbook/Spark/spark-3.2.0-bin-hadoop3.2/jars/httpcore-4.4.14.jar:/Users/tranlammacbook/Spark/spark-3.2.0-bin-hadoop3.2/jars/datanuc
Launcher Type: SUN_STANDARD

Environment Variables:
JAVA_HOME=/Library/Java/JavaVirtualMachines/jdk1.8.0_202.jdk/Contents/Home
PATH=/opt/homebrew/bin:/opt/homebrew/sbin:/Library/Frameworks/Python.framework/Versions/3.10/bin:/usr/local/bin:/usr/bin:/bin:/usr/sbin:/sbin:/Library/Apple/usr/bin:/opt/homebrew/bin:/opt/homebrew/sbin:/Library/Frameworks/Python.framework/Versions/3.10/bin:/Users/tranlammacbook/.cargo/bin:/Users/tranlammacbook/Spark/spark-3.2.0-bin-hadoop3.2/bin:/Users/tranlammacbook/Library/Application Support/Coursier/bin:/Users/tranlammacbook/Library/Application Support/Coursier/bin
SHELL=/bin/zsh

Signal Handlers:
SIGSEGV: [libjvm.dylib+0x5b719d], sa_mask[0]=11111111111111111111111111111111, sa_flags=SA_ONSTACK|SA_RESTART|SA_SIGINFO
SIGBUS: [libjvm.dylib+0x5b719d], sa_mask[0]=11111111111111111111111111111111, sa_flags=SA_RESTART|SA_SIGINFO
SIGFPE: [libjvm.dylib+0x48c8fc], sa_mask[0]=11111111111111111111111111111111, sa_flags=SA_RESTART|SA_SIGINFO
SIGPIPE: [libjvm.dylib+0x48c8fc], sa_mask[0]=11111111111111111111111111111111, sa_flags=SA_RESTART|SA_SIGINFO
SIGXFSZ: [libjvm.dylib+0x48c8fc], sa_mask[0]=11111111111111111111111111111111, sa_flags=SA_RESTART|SA_SIGINFO
SIGILL: [libjvm.dylib+0x48c8fc], sa_mask[0]=11111111111111111111111111111111, sa_flags=SA_RESTART|SA_SIGINFO
SIGUSR1: SIG_DFL, sa_mask[0]=00000000000000000000000000000000, sa_flags=SA_RESTART
SIGUSR2: [libjvm.dylib+0x48c41a], sa_mask[0]=00000000000000000000000000000000, sa_flags=SA_RESTART|SA_SIGINFO
SIGHUP: [libjvm.dylib+0x48a9a5], sa_mask[0]=11111111111111111111111111111111, sa_flags=SA_RESTART|SA_SIGINFO
SIGINT: [libjvm.dylib+0x48a9a5], sa_mask[0]=11111111111111111111111111111111, sa_flags=SA_RESTART|SA_SIGINFO
SIGTERM: [libjvm.dylib+0x48a9a5], sa_mask[0]=11111111111111111111111111111111, sa_flags=SA_RESTART|SA_SIGINFO
SIGQUIT: [libjvm.dylib+0x48a9a5], sa_mask[0]=11111111111111111111111111111111, sa_flags=SA_RESTART|SA_SIGINFO


---------------  S Y S T E M  ---------------

OS:Bsduname:Darwin 21.4.0 Darwin Kernel Version 21.4.0: Mon Feb 21 20:36:53 PST 2022; root:xnu-8020.101.4~2/RELEASE_ARM64_T8101 x86_64
rlimit: STACK 8176k, CORE 0k, NPROC 2666, NOFILE 10240, AS infinity
load average:2.53 2.35 2.29

CPU:total 8 (initial active 8) (1 cores per cpu, 1 threads per core) family 6 model 44 stepping 0, cmov, cx8, fxsr, mmx, sse, sse2, sse3, ssse3, sse4.1, sse4.2, popcnt, aes, clmul, tsc, tscinvbit, tscinv

Memory: 4k page, physical 16777216k(35748k free)

/proc/meminfo:


vm_info: Java HotSpot(TM) 64-Bit Server VM (25.202-b08) for bsd-amd64 JRE (1.8.0_202-b08), built on Dec 15 2018 20:16:16 by "java_re" with gcc 4.2.1 (Based on Apple Inc. build 5658) (LLVM build 2336.11.00)

time: Wed Apr  6 22:57:50 2022
timezone: +07
elapsed time: 22 seconds (0d 0h 0m 22s)

